<?xml version="1.0" encoding="UTF-8"?>
<!-- Generated by org.testng.reporters.JUnitReportReporter -->
<testsuite hostname="LAPTOP-H20SSLVK" failures="0" tests="1" name="Lesson2.Test3" time="5.730" errors="0" timestamp="2021-02-20T16:07:53 IST" skipped="0">
  <testcase classname="Lesson2.Test3" name="s" time="5.730"/>
  <system-out/>
</testsuite> <!-- Lesson2.Test3 -->
